Arguments: 
  C:\Program Files\nodejs\node.exe C:\Program Files (x86)\Yarn\bin\yarn.js add npm install video.js videojs-http-streaming

PATH: 
  C:\Python312\Scripts\;C:\Python312\;C:\WINDOWS\system32;C:\WINDOWS;C:\WINDOWS\System32\Wbem;C:\WINDOWS\System32\WindowsPowerShell\v1.0\;C:\WINDOWS\System32\OpenSSH\;C:\Program Files\dotnet\;C:\Program Files\nodejs\;C:\ProgramData\chocolatey\bin;C:\Program Files\Git\cmd;C:\Program Files\Docker\Docker\resources\bin;C:\Program Files (x86)\Yarn\bin\;C:\Users\Alan\AppData\Local\Microsoft\WindowsApps;C:\Users\Alan\AppData\Local\Programs\Microsoft VS Code\bin;C:\Users\Alan\AppData\Local\GitHubDesktop\bin;C:\Users\Alan\AppData\Local\Yarn\bin

Yarn version: 
  1.22.19

Node version: 
  20.11.1

Platform: 
  win32 x64

Trace: 
  Error: https://registry.yarnpkg.com/videojs-http-streaming: Not found
      at params.callback [as _callback] (C:\Program Files (x86)\Yarn\lib\cli.js:66145:18)
      at self.callback (C:\Program Files (x86)\Yarn\lib\cli.js:140890:22)
      at Request.emit (node:events:518:28)
      at Request.<anonymous> (C:\Program Files (x86)\Yarn\lib\cli.js:141862:10)
      at Request.emit (node:events:518:28)
      at IncomingMessage.<anonymous> (C:\Program Files (x86)\Yarn\lib\cli.js:141784:12)
      at Object.onceWrapper (node:events:632:28)
      at IncomingMessage.emit (node:events:530:35)
      at endReadableNT (node:internal/streams/readable:1696:12)
      at process.processTicksAndRejections (node:internal/process/task_queues:82:21)

npm manifest: 
  {
    "name": "server",
    "version": "1.0.0",
    "main": "index.js",
    "license": "MIT",
    "scripts": {
      "dev": "nodemon",
      "build": "tsc",
      "start": "npm run build && node dist/index.js"
    },
    "dependencies": {
      "@aws-sdk/client-mediaconvert": "^3.583.0",
      "cors": "^2.8.5",
      "dotenv": "^16.4.5",
      "envalid": "^8.0.0",
      "express": "^4.19.2"
    },
    "devDependencies": {
      "@types/cors": "^2.8.17",
      "@types/express": "^4.17.21",
      "@types/node": "^20.12.12",
      "nodemon": "^3.1.0",
      "ts-node": "^10.9.2",
      "tsconfig-paths": "^4.2.0",
      "tslib": "^2.6.2",
      "typescript": "^5.4.5"
    }
  }

yarn manifest: 
  No manifest

Lockfile: 
  No lockfile
